This is pdfeTeX, Version 3.141592-1.21a-2.2 (Web2C 7.5.4) (format=pdflatex 2009.11.12)  26 JAN 2010 12:29
entering extended mode
**cobRichMonicfinal.tex
(./cobRichMonicfinal.tex
LaTeX2e <2003/12/01>
Babel <v3.8d> and hyphenation patterns for american, french, german, ngerman, b
ahasa, basque, bulgarian, catalan, croatian, czech, danish, dutch, esperanto, e
stonian, finnish, greek, icelandic, irish, italian, latin, magyar, norsk, polis
h, portuges, romanian, russian, serbian, slovak, slovene, spanish, swedish, tur
kish, ukrainian, nohyphenation, loaded.
(/usr/share/texmf/tex/latex/revtex4/revtex4.cls
Document Class: revtex4 2001/08/03 v4.0 (http://publish.aps.org/revtex4/ for do
cumentation)
 Copyright (c) 2001 The American Physical Society.
 mailto:revtex@aps.org
 Licensed under the LPPL:
http://www.ctan.org/tex-archive/macros/latex/base/lppl.txt
 Arthur Ogawa <ogawa@teleport.com>
 Based on work by David Carlisle <david@dcarlisle.demon.co.uk>.
ltxutil: portions licensed from W. E. Baxter (web@superscript.com)
Class revtex4 Info: Repairing broken LateX \@sect on input line 596.
\intertabularlinepenalty=\count79
\@tbpen=\count80
\@arstrutbox@hline=\box26
Class revtex4 Info: Repairing broken LaTeX \@xbitor on input line 1610.
ltxgrid: portions licensed from W. E. Baxter (web@superscript.com)
\c@linecount=\count81
\output=\toks14
\@protection@box=\box27
\@topmark@saved=\toks15
\footins@saved=\box28
\pagesofar=\box29
\footbox=\box30
\pagegrid@col=\count82
Class revtex4 Info: Incorporating package {textcase}  [1998/11/12 v0.06 Text on
ly upper/lower case changing (DPC)]. on input line 3682.
(/usr/share/texmf/tex/latex/url/url.sty
\Urlmuskip=\muskip10
Package: url 2004/03/15  ver 3.1  Verb mode for urls, etc.
)
\c@affil=\count83
\absbox=\box31
\c@part=\count84
\c@section=\count85
\c@subsection=\count86
\c@subsubsection=\count87
\c@paragraph=\count88
\c@subparagraph=\count89
\abovecaptionskip=\skip41
\belowcaptionskip=\skip42
\c@figure=\count90
\c@table=\count91

(/usr/share/texmf/tex/latex/natbib/natbib.sty
Package: natbib 2003/06/06 7.1 (PWD)
\bibhang=\skip43
\bibsep=\skip44
LaTeX Info: Redefining \cite on input line 518.
\c@NAT@ctr=\count92
)
\widetext@top=\box32
\widetext@bot=\box33

(/usr/share/texmf/tex/latex/revtex4/revsymb.sty
Package: revsymb 2001/08/03 v4.0 (http://publish.aps.org/revtex4/ for documenta
tion)
LaTeX Info: Redefining \REV@mathfrak on input line 118.
))
(/usr/share/texmf/tex/latex/revtex4/aps.rtx
File: aps.rtx 2001/08/03 v4.0 (http://publish.aps.org/revtex4/ for documentatio
n)
)
(/usr/share/texmf/tex/latex/revtex4/10pt.rtx
File: 10pt.rtx 2001/08/03 v4.0 (http://publish.aps.org/revtex4/ for documentati
on)
)
(/usr/share/texmf/tex/latex/amsmath/amsmath.sty
Package: amsmath 2000/07/18 v2.13 AMS math features
\@mathmargin=\skip45

For additional information on amsmath, use the `?' option.
(/usr/share/texmf/tex/latex/amsmath/amstext.sty
Package: amstext 2000/06/29 v2.01

(/usr/share/texmf/tex/latex/amsmath/amsgen.sty
File: amsgen.sty 1999/11/30 v2.0
\@emptytoks=\toks16
\ex@=\dimen102
))
(/usr/share/texmf/tex/latex/amsmath/amsbsy.sty
Package: amsbsy 1999/11/29 v1.2d
\pmbraise@=\dimen103
)
(/usr/share/texmf/tex/latex/amsmath/amsopn.sty
Package: amsopn 1999/12/14 v2.01 operator names
)
\inf@bad=\count93
LaTeX Info: Redefining \frac on input line 211.
\uproot@=\count94
\leftroot@=\count95
LaTeX Info: Redefining \overline on input line 307.
\classnum@=\count96
\DOTSCASE@=\count97
LaTeX Info: Redefining \ldots on input line 379.
LaTeX Info: Redefining \dots on input line 382.
LaTeX Info: Redefining \cdots on input line 467.
\Mathstrutbox@=\box34
\strutbox@=\box35
\big@size=\dimen104
LaTeX Font Info:    Redeclaring font encoding OML on input line 567.
LaTeX Font Info:    Redeclaring font encoding OMS on input line 568.
\macc@depth=\count98
\c@MaxMatrixCols=\count99
\dotsspace@=\muskip11
\c@parentequation=\count100
\dspbrk@lvl=\count101
\tag@help=\toks17
\row@=\count102
\column@=\count103
\maxfields@=\count104
\andhelp@=\toks18
\eqnshift@=\dimen105
\alignsep@=\dimen106
\tagshift@=\dimen107
\tagwidth@=\dimen108
\totwidth@=\dimen109
\lineht@=\dimen110
\@envbody=\toks19
\multlinegap=\skip46
\multlinetaggap=\skip47
\mathdisplay@stack=\toks20
LaTeX Info: Redefining \[ on input line 2666.
LaTeX Info: Redefining \] on input line 2667.
)
(/usr/share/texmf/tex/latex/graphics/graphicx.sty
Package: graphicx 1999/02/16 v1.0f Enhanced LaTeX Graphics (DPC,SPQR)

(/usr/share/texmf/tex/latex/graphics/keyval.sty
Package: keyval 1999/03/16 v1.13 key=value parser (DPC)
\KV@toks@=\toks21
)
(/usr/share/texmf/tex/latex/graphics/graphics.sty
Package: graphics 2001/07/07 v1.0n Standard LaTeX Graphics (DPC,SPQR)

(/usr/share/texmf/tex/latex/graphics/trig.sty
Package: trig 1999/03/16 v1.09 sin cos tan (DPC)
)
(/usr/share/texmf/tex/latex/graphics/graphics.cfg
File: graphics.cfg 2005/02/03 v1.3 graphics configuration of teTeX/TeXLive
)
Package graphics Info: Driver file: pdftex.def on input line 80.

(/usr/share/texmf/tex/latex/graphics/pdftex.def
File: pdftex.def 2002/06/19 v0.03k graphics/color for pdftex
\Gread@gobject=\count105
))
\Gin@req@height=\dimen111
\Gin@req@width=\dimen112
)
(/usr/share/texmf/tex/latex/subfig/subfig.sty
Package: subfig 2004/01/28 ver: 1.2 subfig package

(/usr/share/texmf/tex/latex/caption/caption.sty
Package: caption 2006/01/12 v3.0i Customising captions (AR)

(/usr/share/texmf/tex/latex/caption/caption3.sty
Package: caption3 2006/01/12 v3.0i caption3 kernel (AR)
\captionmargin=\dimen113
\captionmarginx=\dimen114
\captionwidth=\dimen115
\captionindent=\dimen116
\captionparindent=\dimen117
\captionhangindent=\dimen118
))
\c@KVtest=\count106
\sf@farskip=\skip48
\sf@captopadj=\dimen119
\sf@capskip=\skip49
\sf@nearskip=\skip50
\c@subfigure=\count107
\c@subfigure@save=\count108
\c@lofdepth=\count109
\c@subtable=\count110
\c@subtable@save=\count111
\c@lotdepth=\count112
\sf@top=\skip51
\sf@bottom=\skip52
) (./cobRichMonicfinal.aux)
\openout1 = `cobRichMonicfinal.aux'.

LaTeX Font Info:    Checking defaults for OML/cmm/m/it on input line 49.
LaTeX Font Info:    ... okay on input line 49.
LaTeX Font Info:    Checking defaults for T1/cmr/m/n on input line 49.
LaTeX Font Info:    ... okay on input line 49.
LaTeX Font Info:    Checking defaults for OT1/cmr/m/n on input line 49.
LaTeX Font Info:    ... okay on input line 49.
LaTeX Font Info:    Checking defaults for OMS/cmsy/m/n on input line 49.
LaTeX Font Info:    ... okay on input line 49.
LaTeX Font Info:    Checking defaults for OMX/cmex/m/n on input line 49.
LaTeX Font Info:    ... okay on input line 49.
LaTeX Font Info:    Checking defaults for U/cmr/m/n on input line 49.
LaTeX Font Info:    ... okay on input line 49.
Class revtex4 Info: Patching LaTeX tabular. on input line 49.
Class revtex4 Info: cite was not loaded (OK!) on input line 49.
Class revtex4 Info: multicol was not loaded (OK!) on input line 49.

(/usr/share/texmf/tex/context/base/supp-pdf.tex
(/usr/share/texmf/tex/context/base/supp-mis.tex
loading : Context Support Macros / Miscellaneous (2004.10.26)
\protectiondepth=\count113
\scratchcounter=\count114
\scratchtoks=\toks22
\scratchdimen=\dimen120
\scratchskip=\skip53
\scratchmuskip=\muskip12
\scratchbox=\box36
\scratchread=\read1
\scratchwrite=\write3
\zeropoint=\dimen121
\onepoint=\dimen122
\onebasepoint=\dimen123
\minusone=\count115
\thousandpoint=\dimen124
\onerealpoint=\dimen125
\emptytoks=\toks23
\nextbox=\box37
\nextdepth=\dimen126
\everyline=\toks24
\!!counta=\count116
\!!countb=\count117
\recursecounter=\count118
)
loading : Context Support Macros / PDF (2004.03.26)
\nofMPsegments=\count119
\nofMParguments=\count120
\MPscratchCnt=\count121
\MPscratchDim=\dimen127
\MPnumerator=\count122
\everyMPtoPDFconversion=\toks25
) (/usr/share/texmf/tex/latex/ms/ragged2e.sty
Package: ragged2e 2003/03/25 v2.04 ragged2e Package (MS)

(/usr/share/texmf/tex/latex/ms/everysel.sty
Package: everysel 1999/06/08 v1.03 EverySelectfont Package (MS)
LaTeX Info: Redefining \selectfont on input line 125.
)
\CenteringLeftskip=\skip54
\RaggedLeftLeftskip=\skip55
\RaggedRightLeftskip=\skip56
\CenteringRightskip=\skip57
\RaggedLeftRightskip=\skip58
\RaggedRightRightskip=\skip59
\CenteringParfillskip=\skip60
\RaggedLeftParfillskip=\skip61
\RaggedRightParfillskip=\skip62
\JustifyingParfillskip=\skip63
\CenteringParindent=\skip64
\RaggedLeftParindent=\skip65
\RaggedRightParindent=\skip66
\JustifyingParindent=\skip67
) [1{/usr/share/texmf-var/fonts/map/pdftex/updmap/pdftex.map}]
Overfull \hbox (8.89296pt too wide) detected at line 204
\OT1/cmr/m/n/10 2\OML/cmm/m/it/10 ^^O[] \OT1/cmr/m/n/10 + [] + []  + [] = \OMS/
cmsy/m/n/10 E[]
 []


Underfull \hbox (badness 2460) in paragraph at lines 211--218
\OT1/cmr/m/n/10 Cooper, Schri-ef-fer within the grand canon-i-cal en-
 []


Underfull \hbox (badness 1342) in paragraph at lines 211--218
\OT1/cmr/m/n/10 sem-ble, namely $\OML/cmm/m/it/10 ^^Z[]\OT1/cmr/m/n/10 ^^A[]\OM
L/cmm/m/it/10 =\OT1/cmr/m/n/10 2$ since the gap $^^A$ reads as
 []

[2]

! LaTeX Error: Unknown graphics extension: .eps.

See the LaTeX manual or LaTeX Companion for explanation.
Type  H <return>  for immediate help.
 ...                                              
                                                  
l.406 ...extwidth]{lambda1.eps}\label{fig:lambda}}
                                                  \qquad
Try typing  <return>  to proceed.
If that doesn't work, type  X <return>  to quit.


Overfull \hbox (10.86127pt too wide) in paragraph at lines 406--406
 []\OT1/cmr/m/n/8 (a)|| 
 []


! LaTeX Error: Unknown graphics extension: .eps.

See the LaTeX manual or LaTeX Companion for explanation.
Type  H <return>  for immediate help.
 ...                                              
                                                  
l.407 ...extwidth]{direct1.eps}\label{fig:direct}}
                                                  \\
Try typing  <return>  to proceed.
If that doesn't work, type  X <return>  to quit.


Overfull \hbox (11.3335pt too wide) in paragraph at lines 407--407
 []\OT1/cmr/m/n/8 (b)|| 
 []


! LaTeX Error: Unknown graphics extension: .eps.

See the LaTeX manual or LaTeX Companion for explanation.
Type  H <return>  for immediate help.
 ...                                              
                                                  
l.408 ...=0.4\textwidth]{chi1.eps}\label{fig:chi}}
                                                  
Try typing  <return>  to proceed.
If that doesn't work, type  X <return>  to quit.


Overfull \hbox (10.38904pt too wide) in paragraph at lines 408--408
 []\OT1/cmr/m/n/8 (c)|| 
 []

[3]

LaTeX Warning: A float is stuck (cannot be placed); try class option [floatfix]
 on input line 448.

[4]
Overfull \hbox (6.97139pt too wide) detected at line 618
\OML/cmm/m/it/10 V[]^^L[] [] \OT1/cmr/m/n/10 = [] [] = [] \OML/cmm/m/it/10 ^^_ 
[] ^^L[]^^L[] []
 []


! LaTeX Error: Unknown graphics extension: .eps.

See the LaTeX manual or LaTeX Companion for explanation.
Type  H <return>  for immediate help.
 ...                                              
                                                  
l.626 ...aphics[width=0.45\textwidth]{twoPair.eps}
                                                  
Try typing  <return>  to proceed.
If that doesn't work, type  X <return>  to quit.


Overfull \hbox (2.71379pt too wide) detected at line 639
[] \OT1/cmr/m/n/10 = \OMS/cmsy/m/n/10 ^^@\OML/cmm/m/it/10 V [] ^^L[] []
 []


Underfull \hbox (badness 10000) in paragraph at lines 661--667
[] \OML/cmm/m/it/10 = []$ \OT1/cmr/m/n/10 pro-vided
 []


Underfull \hbox (badness 1424) in paragraph at lines 661--667
\OT1/cmr/m/n/10 This al-lows us to write the last term of [] as
 []


Overfull \hbox (1.0298pt too wide) in paragraph at lines 699--699
[] 
 []

[5]
Overfull \hbox (4.55168pt too wide) in paragraph at lines 726--726
[] 
 []


Overfull \hbox (3.34654pt too wide) in paragraph at lines 746--746
[] 
 []


! LaTeX Error: Unknown graphics extension: .eps.

See the LaTeX manual or LaTeX Companion for explanation.
Type  H <return>  for immediate help.
 ...                                              
                                                  
l.757 ...phics[width=0.4\textwidth]{threePair.eps}
                                                  
Try typing  <return>  to proceed.
If that doesn't work, type  X <return>  to quit.


Underfull \hbox (badness 10000) in paragraph at lines 774--781
[]\OT1/cmr/m/n/10 If we now come back to Eq.[], sub-tract
 []


Overfull \hbox (7.08113pt too wide) detected at line 795
 []$[] []$ 
 []


Underfull \hbox (badness 10000) in paragraph at lines 795--802
\OT1/cmr/m/n/10 as $[] \OML/cmm/m/it/10 = []$ \OT1/cmr/m/n/10 pro-
 []


Underfull \hbox (badness 1231) in paragraph at lines 812--816
[]\OT1/cmr/m/n/10 This leads us to again con-clude that the three-
 []

[6]
Overfull \hbox (17.91489pt too wide) detected at line 942
 []$[]   [] []$ []  
 []


Overfull \hbox (18.44092pt too wide) detected at line 967
 []$[] []$ []  
 []

[7]
Underfull \hbox (badness 4859) in paragraph at lines 1005--1012
[]\OT1/cmr/m/n/10 Let us note that the pos-si-ble re-place-ment of
 []

[8]
Underfull \hbox (badness 1087) in paragraph at lines 1130--1135
 []\OT1/cmr/m/n/9 M. Combescot, O. Betbeder-Matibet, and F. Du-bin,
 []

[9] (./cobRichMonicfinal.aux)

LaTeX Warning: Label(s) may have changed. Rerun to get cross-references right .


 ) 
Here is how much of TeX's memory you used:
 3692 strings out of 94500
 47342 string characters out of 1176765
 133558 words of memory out of 1000000
 6846 multiletter control sequences out of 10000+50000
 10558 words of font info for 37 fonts, out of 500000 for 2000
 580 hyphenation exceptions out of 1000
 41i,22n,40p,476b,324s stack positions out of 1500i,500n,5000p,200000b,5000s
PDF statistics:
 101 PDF objects out of 300000
 0 named destinations out of 131072
 1 words of extra memory for PDF output out of 65536
</usr/share/texmf/fonts/type1/bluesky/cm/cmsy6.pfb></usr/share/texmf/fonts/ty
pe1/bluesky/cm/cmr6.pfb></usr/share/texmf/fonts/type1/bluesky/cm/cmbx6.pfb></us
r/share/texmf/fonts/type1/public/tt2001/fmex9.pfb></usr/share/texmf/fonts/type1
/bluesky/cm/cmr8.pfb></usr/share/texmf/fonts/type1/bluesky/cm/cmsy5.pfb></usr/s
hare/texmf/fonts/type1/bluesky/cm/cmbx10.pfb></usr/share/texmf/fonts/type1/blue
sky/cm/cmbx7.pfb></usr/share/texmf/fonts/type1/bluesky/cm/cmbx9.pfb></usr/share
/texmf/fonts/type1/bluesky/cm/cmti10.pfb></usr/share/texmf/fonts/type1/bluesky/
cm/cmsy7.pfb></usr/share/texmf/fonts/type1/bluesky/cm/cmsy10.pfb></usr/share/te
xmf/fonts/type1/bluesky/cm/cmr5.pfb></usr/share/texmf/fonts/type1/bluesky/cm/cm
ex10.pfb></usr/share/texmf/fonts/type1/bluesky/cm/cmmi7.pfb></usr/share/texmf/f
onts/type1/bluesky/cm/cmmi10.pfb></usr/share/texmf/fonts/type1/bluesky/cm/cmsy9
.pfb></usr/share/texmf/fonts/type1/bluesky/cm/cmmi9.pfb></usr/share/texmf/fonts
/type1/bluesky/cm/cmr9.pfb></usr/share/texmf/fonts/type1/bluesky/cm/cmti9.pfb><
/usr/share/texmf/fonts/type1/bluesky/cm/cmti7.pfb></usr/share/texmf/fonts/type1
/bluesky/cm/cmr7.pfb></usr/share/texmf/fonts/type1/bluesky/cm/cmr10.pfb></usr/s
hare/texmf/fonts/type1/bluesky/cm/cmbx12.pfb>
Output written on cobRichMonicfinal.pdf (9 pages, 195337 bytes).
