This is pdfTeX, Version 3.1415926-1.40.9 (MiKTeX 2.7) (preloaded format=latex 2009.11.10)  20 DEC 2009 23:44
entering extended mode
**cobRicharMonic16dec.tex
(cobRicharMonic16dec.tex
LaTeX2e <2009/09/24>
Babel <v3.8l> and hyphenation patterns for english, dumylang, nohyphenation, ge
rman, ngerman, german-x-2009-06-19, ngerman-x-2009-06-19, french, loaded.
("C:\Program Files (x86)\MiKTeX 2.7\tex\latex\revtex4\revtex4.cls"
Document Class: revtex4 2001/08/03 v4.0 (http://publish.aps.org/revtex4/ for do
cumentation)
 Copyright (c) 2001 The American Physical Society.
 mailto:revtex@aps.org
 Licensed under the LPPL:
http://www.ctan.org/tex-archive/macros/latex/base/lppl.txt
 Arthur Ogawa <ogawa@teleport.com>
 Based on work by David Carlisle <david@dcarlisle.demon.co.uk>.
ltxutil: portions licensed from W. E. Baxter (web@superscript.com)
Class revtex4 Info: Repairing broken LateX \@sect on input line 596.
\intertabularlinepenalty=\count79
\@tbpen=\count80
\@arstrutbox@hline=\box26
Class revtex4 Info: Repairing broken LaTeX \@xbitor on input line 1610.
ltxgrid: portions licensed from W. E. Baxter (web@superscript.com)
\c@linecount=\count81
\output=\toks14
\@protection@box=\box27
\@topmark@saved=\toks15
\footins@saved=\box28
\pagesofar=\box29
\footbox=\box30
\pagegrid@col=\count82
Class revtex4 Info: Incorporating package {textcase}  [1998/11/12 v0.06 Text on
ly upper/lower case changing (DPC)]. on input line 3682.
("C:\Program Files (x86)\MiKTeX 2.7\tex\latex\ltxmisc\url.sty"
\Urlmuskip=\muskip10
Package: url 2006/04/12  ver 3.3  Verb mode for urls, etc.
)
\c@affil=\count83
\absbox=\box31
\c@part=\count84
\c@section=\count85
\c@subsection=\count86
\c@subsubsection=\count87
\c@paragraph=\count88
\c@subparagraph=\count89
\abovecaptionskip=\skip41
\belowcaptionskip=\skip42
\c@figure=\count90
\c@table=\count91

("C:\Program Files (x86)\MiKTeX 2.7\tex\latex\natbib\natbib.sty"
Package: natbib 2009/07/16 8.31 (PWD, AO)
\bibhang=\skip43
\bibsep=\skip44
LaTeX Info: Redefining \cite on input line 694.
\c@NAT@ctr=\count92
)
\widetext@top=\box32
\widetext@bot=\box33

("C:\Program Files (x86)\MiKTeX 2.7\tex\latex\revtex4\revsymb.sty"
Package: revsymb 2001/08/03 v4.0 (http://publish.aps.org/revtex4/ for documenta
tion)
LaTeX Info: Redefining \REV@mathfrak on input line 118.
))
("C:\Program Files (x86)\MiKTeX 2.7\tex\latex\revtex4\aps.rtx"
File: aps.rtx 2001/08/03 v4.0 (http://publish.aps.org/revtex4/ for documentatio
n)
)
("C:\Program Files (x86)\MiKTeX 2.7\tex\latex\revtex4\10pt.rtx"
File: 10pt.rtx 2001/08/03 v4.0 (http://publish.aps.org/revtex4/ for documentati
on)
)
("C:\Program Files (x86)\MiKTeX 2.7\tex\latex\ams\math\amsmath.sty"
Package: amsmath 2000/07/18 v2.13 AMS math features
\@mathmargin=\skip45

For additional information on amsmath, use the `?' option.
("C:\Program Files (x86)\MiKTeX 2.7\tex\latex\ams\math\amstext.sty"
Package: amstext 2000/06/29 v2.01

("C:\Program Files (x86)\MiKTeX 2.7\tex\latex\ams\math\amsgen.sty"
File: amsgen.sty 1999/11/30 v2.0
\@emptytoks=\toks16
\ex@=\dimen102
))
("C:\Program Files (x86)\MiKTeX 2.7\tex\latex\ams\math\amsbsy.sty"
Package: amsbsy 1999/11/29 v1.2d
\pmbraise@=\dimen103
)
("C:\Program Files (x86)\MiKTeX 2.7\tex\latex\ams\math\amsopn.sty"
Package: amsopn 1999/12/14 v2.01 operator names
)
\inf@bad=\count93
LaTeX Info: Redefining \frac on input line 211.
\uproot@=\count94
\leftroot@=\count95
LaTeX Info: Redefining \overline on input line 307.
\classnum@=\count96
\DOTSCASE@=\count97
LaTeX Info: Redefining \ldots on input line 379.
LaTeX Info: Redefining \dots on input line 382.
LaTeX Info: Redefining \cdots on input line 467.
\Mathstrutbox@=\box34
\strutbox@=\box35
\big@size=\dimen104
LaTeX Font Info:    Redeclaring font encoding OML on input line 567.
LaTeX Font Info:    Redeclaring font encoding OMS on input line 568.
\macc@depth=\count98
\c@MaxMatrixCols=\count99
\dotsspace@=\muskip11
\c@parentequation=\count100
\dspbrk@lvl=\count101
\tag@help=\toks17
\row@=\count102
\column@=\count103
\maxfields@=\count104
\andhelp@=\toks18
\eqnshift@=\dimen105
\alignsep@=\dimen106
\tagshift@=\dimen107
\tagwidth@=\dimen108
\totwidth@=\dimen109
\lineht@=\dimen110
\@envbody=\toks19
\multlinegap=\skip46
\multlinetaggap=\skip47
\mathdisplay@stack=\toks20
LaTeX Info: Redefining \[ on input line 2666.
LaTeX Info: Redefining \] on input line 2667.
)
("C:\Program Files (x86)\MiKTeX 2.7\tex\latex\graphics\graphicx.sty"
Package: graphicx 1999/02/16 v1.0f Enhanced LaTeX Graphics (DPC,SPQR)

("C:\Program Files (x86)\MiKTeX 2.7\tex\latex\graphics\keyval.sty"
Package: keyval 1999/03/16 v1.13 key=value parser (DPC)
\KV@toks@=\toks21
)
("C:\Program Files (x86)\MiKTeX 2.7\tex\latex\graphics\graphics.sty"
Package: graphics 2009/02/05 v1.0o Standard LaTeX Graphics (DPC,SPQR)

("C:\Program Files (x86)\MiKTeX 2.7\tex\latex\graphics\trig.sty"
Package: trig 1999/03/16 v1.09 sin cos tan (DPC)
)
("C:\Program Files (x86)\MiKTeX 2.7\tex\latex\00miktex\graphics.cfg"
File: graphics.cfg 2007/01/18 v1.5 graphics configuration of teTeX/TeXLive
)
Package graphics Info: Driver file: dvips.def on input line 91.

("C:\Program Files (x86)\MiKTeX 2.7\tex\latex\graphics\dvips.def"
File: dvips.def 1999/02/16 v3.0i Driver-dependant file (DPC,SPQR)
))
\Gin@req@height=\dimen111
\Gin@req@width=\dimen112
)
("C:\Program Files (x86)\MiKTeX 2.7\tex\latex\subfig\subfig.sty"
Package: subfig 2005/06/28 ver: 1.3 subfig package

("C:\Program Files (x86)\MiKTeX 2.7\tex\latex\caption\caption.sty"
Package: caption 2009/10/09 v3.1k Customizing captions (AR)

("C:\Program Files (x86)\MiKTeX 2.7\tex\latex\caption\caption3.sty"
Package: caption3 2009/10/09 v3.1k caption3 kernel (AR)
\captionmargin=\dimen113
\captionmargin@=\dimen114
\captionwidth=\dimen115
\caption@indent=\dimen116
\caption@parindent=\dimen117
\caption@hangindent=\dimen118
Package caption Info: Unknown document class (or package),
(caption)             standard defaults will be used on input line 1068.
)

Package caption Warning: Unsupported document class (or package) detected,
(caption)                usage of the caption package is not recommended.
See the caption package documentation for explanation.

Package caption Info: \@makecaption = \long macro:#1#2->\par \vskip \abovecapti
onskip \begingroup \small \rmfamily \sbox \@tempboxa {\let \\\heading@cr #1: #2
}\@ifdim {\wd \@tempboxa >\hsize }{\begingroup \samepage \flushing \let \footno
te \@footnotemark@gobble #1: #2\par \endgroup }{\global \@minipagefalse \hb@xt@
 \hsize {\hfil \unhbox \@tempboxa \hfil }}\endgroup \vskip \belowcaptionskip .
\c@ContinuedFloat=\count105
)
\c@KVtest=\count106
\sf@farskip=\skip48
\sf@captopadj=\dimen119
\sf@capskip=\skip49
\sf@nearskip=\skip50
\c@subfigure=\count107
\c@subfigure@save=\count108
\c@lofdepth=\count109
\c@subtable=\count110
\c@subtable@save=\count111
\c@lotdepth=\count112
\sf@top=\skip51
\sf@bottom=\skip52
) (cobRicharMonic16dec.aux)
LaTeX Font Info:    Checking defaults for OML/cmm/m/it on input line 49.
LaTeX Font Info:    ... okay on input line 49.
LaTeX Font Info:    Checking defaults for T1/cmr/m/n on input line 49.
LaTeX Font Info:    ... okay on input line 49.
LaTeX Font Info:    Checking defaults for OT1/cmr/m/n on input line 49.
LaTeX Font Info:    ... okay on input line 49.
LaTeX Font Info:    Checking defaults for OMS/cmsy/m/n on input line 49.
LaTeX Font Info:    ... okay on input line 49.
LaTeX Font Info:    Checking defaults for OMX/cmex/m/n on input line 49.
LaTeX Font Info:    ... okay on input line 49.
LaTeX Font Info:    Checking defaults for U/cmr/m/n on input line 49.
LaTeX Font Info:    ... okay on input line 49.
Class revtex4 Info: Patching LaTeX tabular. on input line 49.
Class revtex4 Info: cite was not loaded (OK!) on input line 49.
Class revtex4 Info: multicol was not loaded (OK!) on input line 49.
Package caption Info: Begin \AtBeginDocument code.
Package caption3 Info: subfig package 1.2 or 1.3 is loaded.
LaTeX Info: Redefining \subref on input line 49.
Package caption Info: Incompatible package detected (regarding \caption).
(caption)             \caption = macro:->\minipagefootnote@here \ifx \@captype 
\@undefined \@latex@error {\noexpand \caption outside float}\@ehd \expandafter 
\@gobble \else \refstepcounter \@captype \expandafter \@firstofone \fi {\@dblar
g {\@caption \@captype }}.


Package caption Warning: \caption will not be redefined since it's already
(caption)                redefined by a document class or package which is
(caption)                unknown to the caption package.
See the caption package documentation for explanation.

Package caption Info: End \AtBeginDocument code.
[1]
Overfull \hbox (8.89296pt too wide) detected at line 204
\OT1/cmr/m/n/10 2\OML/cmm/m/it/10 [] \OT1/cmr/m/n/10 + [] + []  + [] = \OMS/cm
sy/m/n/10 E[]
 []


Underfull \hbox (badness 2460) in paragraph at lines 211--218
\OT1/cmr/m/n/10 Cooper, Schri-ef-fer within the grand canon-i-cal en-
 []


Underfull \hbox (badness 1342) in paragraph at lines 211--218
\OT1/cmr/m/n/10 sem-ble, namely $\OML/cmm/m/it/10 []\OT1/cmr/m/n/10 []\OML/cm
m/m/it/10 =\OT1/cmr/m/n/10 2$ since the gap $$ reads as
 []

[2]
File: lambda1.eps Graphic file (type eps)
 <lambda1.eps>
File: direct1.eps Graphic file (type eps)
 <direct1.eps>
File: chi1.eps Graphic file (type eps)
 <chi1.eps> [3]

LaTeX Warning: A float is stuck (cannot be placed); try class option [floatfix]
 on input line 448.

[4]
Overfull \hbox (6.97139pt too wide) detected at line 618
\OML/cmm/m/it/10 V[][] [] \OT1/cmr/m/n/10 = [] [] = [] \OML/cmm/m/it/10  [] 
[][] []
 []

File: twoPair.eps Graphic file (type eps)
<twoPair.eps>
Overfull \hbox (2.71379pt too wide) detected at line 639
[] \OT1/cmr/m/n/10 = \OMS/cmsy/m/n/10  \OML/cmm/m/it/10 V [] [] []
 []


Underfull \hbox (badness 10000) in paragraph at lines 668--674
[] \OML/cmm/m/it/10 = []$ \OT1/cmr/m/n/10 pro-vided
 []

[5]
Overfull \hbox (1.0298pt too wide) in paragraph at lines 706--706
[] 
 []


Overfull \hbox (4.55168pt too wide) in paragraph at lines 733--733
[] 
 []


Overfull \hbox (3.34654pt too wide) in paragraph at lines 753--753
[] 
 []

File: threePair.eps Graphic file (type eps)
<threePair.eps>
Underfull \hbox (badness 7256) in paragraph at lines 771--778
[][]\OT1/cmr/m/n/10 If we now come back to Eq.[], sub-stract
 []


Overfull \hbox (4.30334pt too wide) detected at line 792
 []$[] []$ 
 []


Underfull \hbox (badness 10000) in paragraph at lines 792--799
\OT1/cmr/m/n/10 as $[] \OML/cmm/m/it/10 = []$ \OT1/cmr/m/n/10 pro-
 []


Underfull \hbox (badness 1231) in paragraph at lines 809--813
[][]\OT1/cmr/m/n/10 This leads us to again con-clude that the three-
 []

[6]
Overfull \hbox (17.91489pt too wide) detected at line 939
 []$[]   [] []$ []  
 []

[7]
Overfull \hbox (18.44092pt too wide) detected at line 964
 []$[] []$ []  
 []


Underfull \hbox (badness 4859) in paragraph at lines 1002--1009
[][]\OT1/cmr/m/n/10 Let us note that the pos-si-ble re-place-ment of
 []

[8]
Underfull \hbox (badness 1087) in paragraph at lines 1132--1137
 [][]\OT1/cmr/m/n/9 M. Combescot, O. Betbeder-Matibet, and F. Du-bin,
 []

[9] (cobRicharMonic16dec.aux) ) 
Here is how much of TeX's memory you used:
 3932 strings out of 95305
 52371 string characters out of 1182868
 151032 words of memory out of 1500000
 7137 multiletter control sequences out of 110000
 10725 words of font info for 38 fonts, out of 3000000 for 5000
 14 hyphenation exceptions out of 8191
 44i,22n,45p,408b,389s stack positions out of 5000i,500n,10000p,200000b,50000s

Output written on cobRicharMonic16dec.dvi (9 pages, 81620 bytes).
