This is pdfTeXk, Version 3.141592-1.40.3 (Web2C 7.5.6) (format=latex 2009.10.31)  22 DEC 2009 00:27
entering extended mode
 Source specials enabled.
 %&-line parsing enabled.
**cobRichardGJZ21.tex
(./cobRichardGJZ21.tex
LaTeX2e <2005/12/01>
Babel <v3.8h> and hyphenation patterns for english, usenglishmax, dumylang, noh
yphenation, croatian, ukrainian, russian, bulgarian, czech, slovak, danish, dut
ch, finnish, basque, french, german, ngerman, ibycus, greek, monogreek, ancient
greek, hungarian, italian, latin, mongolian, norsk, icelandic, interlingua, tur
kish, coptic, romanian, welsh, serbian, slovenian, estonian, esperanto, upperso
rbian, indonesian, polish, portuguese, spanish, catalan, galician, swedish, loa
ded.
(/usr/share/texmf-texlive/tex/latex/revtex/revtex4.cls
Document Class: revtex4 2001/08/02 v4.0 (http://publish.aps.org/revtex4/ for do
cumentation)
 Copyright (c) 2001 The American Physical Society.
 mailto:revtex@aps.org
 Licensed under the LPPL:
http://www.ctan.org/tex-archive/macros/latex/base/lppl.txt
 Arthur Ogawa <ogawa@teleport.com>
 Based on work by David Carlisle <david@dcarlisle.demon.co.uk>.
ltxutil: portions licensed from W. E. Baxter (web@superscript.com)
Class revtex4 Info: Repairing broken LateX \@sect on input line 596.
\intertabularlinepenalty=\count79
\@tbpen=\count80
\@arstrutbox@hline=\box26
Class revtex4 Info: Repairing broken LaTeX \@xbitor on input line 1610.
ltxgrid: portions licensed from W. E. Baxter (web@superscript.com)
\c@linecount=\count81
\output=\toks14
\@protection@box=\box27
\@topmark@saved=\toks15
\footins@saved=\box28
\pagesofar=\box29
\footbox=\box30
\pagegrid@col=\count82
Class revtex4 Info: Incorporating package {textcase}  [1998/11/12 v0.06 Text on
ly upper/lower case changing (DPC)]. on input line 3682.
(/usr/share/texmf-texlive/tex/latex/ltxmisc/url.sty
\Urlmuskip=\muskip10
Package: url 2005/06/27  ver 3.2  Verb mode for urls, etc.
)
\c@affil=\count83
\absbox=\box31
\c@part=\count84
\c@section=\count85
\c@subsection=\count86
\c@subsubsection=\count87
\c@paragraph=\count88
\c@subparagraph=\count89
\abovecaptionskip=\skip41
\belowcaptionskip=\skip42
\c@figure=\count90
\c@table=\count91

(/usr/share/texmf-texlive/tex/latex/natbib/natbib.sty
Package: natbib 2007/02/05 8.0 (PWD)
\bibhang=\skip43
\bibsep=\skip44
LaTeX Info: Redefining \cite on input line 602.
\c@NAT@ctr=\count92
)
\widetext@top=\box32
\widetext@bot=\box33

(/usr/share/texmf-texlive/tex/latex/revtex/revsymb.sty
Package: revsymb 2001/08/02 v4.0 (http://publish.aps.org/revtex4/ for documenta
tion)
LaTeX Info: Redefining \REV@mathfrak on input line 118.
))
(/usr/share/texmf-texlive/tex/latex/revtex/aps.rtx
File: aps.rtx 2001/08/02 v4.0 (http://publish.aps.org/revtex4/ for documentatio
n)
)
(/usr/share/texmf-texlive/tex/latex/revtex/10pt.rtx
File: 10pt.rtx 2001/08/02 v4.0 (http://publish.aps.org/revtex4/ for documentati
on)
)
(/usr/share/texmf-texlive/tex/latex/amsmath/amsmath.sty
Package: amsmath 2000/07/18 v2.13 AMS math features
\@mathmargin=\skip45

For additional information on amsmath, use the `?' option.
(/usr/share/texmf-texlive/tex/latex/amsmath/amstext.sty
Package: amstext 2000/06/29 v2.01

(/usr/share/texmf-texlive/tex/latex/amsmath/amsgen.sty
File: amsgen.sty 1999/11/30 v2.0
\@emptytoks=\toks16
\ex@=\dimen102
))
(/usr/share/texmf-texlive/tex/latex/amsmath/amsbsy.sty
Package: amsbsy 1999/11/29 v1.2d
\pmbraise@=\dimen103
)
(/usr/share/texmf-texlive/tex/latex/amsmath/amsopn.sty
Package: amsopn 1999/12/14 v2.01 operator names
)
\inf@bad=\count93
LaTeX Info: Redefining \frac on input line 211.
\uproot@=\count94
\leftroot@=\count95
LaTeX Info: Redefining \overline on input line 307.
\classnum@=\count96
\DOTSCASE@=\count97
LaTeX Info: Redefining \ldots on input line 379.
LaTeX Info: Redefining \dots on input line 382.
LaTeX Info: Redefining \cdots on input line 467.
\Mathstrutbox@=\box34
\strutbox@=\box35
\big@size=\dimen104
LaTeX Font Info:    Redeclaring font encoding OML on input line 567.
LaTeX Font Info:    Redeclaring font encoding OMS on input line 568.
\macc@depth=\count98
\c@MaxMatrixCols=\count99
\dotsspace@=\muskip11
\c@parentequation=\count100
\dspbrk@lvl=\count101
\tag@help=\toks17
\row@=\count102
\column@=\count103
\maxfields@=\count104
\andhelp@=\toks18
\eqnshift@=\dimen105
\alignsep@=\dimen106
\tagshift@=\dimen107
\tagwidth@=\dimen108
\totwidth@=\dimen109
\lineht@=\dimen110
\@envbody=\toks19
\multlinegap=\skip46
\multlinetaggap=\skip47
\mathdisplay@stack=\toks20
LaTeX Info: Redefining \[ on input line 2666.
LaTeX Info: Redefining \] on input line 2667.
)
(/usr/share/texmf-texlive/tex/latex/graphics/graphicx.sty
Package: graphicx 1999/02/16 v1.0f Enhanced LaTeX Graphics (DPC,SPQR)

(/usr/share/texmf-texlive/tex/latex/graphics/keyval.sty
Package: keyval 1999/03/16 v1.13 key=value parser (DPC)
\KV@toks@=\toks21
)
(/usr/share/texmf-texlive/tex/latex/graphics/graphics.sty
Package: graphics 2006/02/20 v1.0o Standard LaTeX Graphics (DPC,SPQR)

(/usr/share/texmf-texlive/tex/latex/graphics/trig.sty
Package: trig 1999/03/16 v1.09 sin cos tan (DPC)
)
(/etc/texmf/tex/latex/config/graphics.cfg
File: graphics.cfg 2007/01/18 v1.5 graphics configuration of teTeX/TeXLive
)
Package graphics Info: Driver file: dvips.def on input line 90.

(/usr/share/texmf-texlive/tex/latex/graphics/dvips.def
File: dvips.def 1999/02/16 v3.0i Driver-dependant file (DPC,SPQR)
))
\Gin@req@height=\dimen111
\Gin@req@width=\dimen112
)
(/usr/share/texmf-texlive/tex/latex/subfig/subfig.sty
Package: subfig 2005/06/28 ver: 1.3 subfig package

(/usr/share/texmf-texlive/tex/latex/caption/caption.sty
Package: caption 2007/01/07 v3.0k Customising captions (AR)

(/usr/share/texmf-texlive/tex/latex/caption/caption3.sty
Package: caption3 2007/01/07 v3.0k caption3 kernel (AR)
\captionmargin=\dimen113
\captionmarginx=\dimen114
\captionwidth=\dimen115
\captionindent=\dimen116
\captionparindent=\dimen117
\captionhangindent=\dimen118
))
\c@KVtest=\count105
\sf@farskip=\skip48
\sf@captopadj=\dimen119
\sf@capskip=\skip49
\sf@nearskip=\skip50
\c@subfigure=\count106
\c@subfigure@save=\count107
\c@lofdepth=\count108
\c@subtable=\count109
\c@subtable@save=\count110
\c@lotdepth=\count111
\sf@top=\skip51
\sf@bottom=\skip52
)
(./cobRichardGJZ21.aux)
\openout1 = `cobRichardGJZ21.aux'.

LaTeX Font Info:    Checking defaults for OML/cmm/m/it on input line 49.
LaTeX Font Info:    ... okay on input line 49.
LaTeX Font Info:    Checking defaults for T1/cmr/m/n on input line 49.
LaTeX Font Info:    ... okay on input line 49.
LaTeX Font Info:    Checking defaults for OT1/cmr/m/n on input line 49.
LaTeX Font Info:    ... okay on input line 49.
LaTeX Font Info:    Checking defaults for OMS/cmsy/m/n on input line 49.
LaTeX Font Info:    ... okay on input line 49.
LaTeX Font Info:    Checking defaults for OMX/cmex/m/n on input line 49.
LaTeX Font Info:    ... okay on input line 49.
LaTeX Font Info:    Checking defaults for U/cmr/m/n on input line 49.
LaTeX Font Info:    ... okay on input line 49.
Class revtex4 Info: Patching LaTeX tabular. on input line 49.
Class revtex4 Info: cite was not loaded (OK!) on input line 49.
Class revtex4 Info: multicol was not loaded (OK!) on input line 49.
 (/usr/share/texmf/tex/latex/dblatex/misc/ragged2e.sty
Package: ragged2e 2003/03/25 v2.04 ragged2e Package (MS)

(/usr/share/texmf-texlive/tex/latex/everysel/everysel.sty
Package: everysel 1999/06/08 v1.03 EverySelectfont Package (MS)
LaTeX Info: Redefining \selectfont on input line 125.
)
\CenteringLeftskip=\skip53
\RaggedLeftLeftskip=\skip54
\RaggedRightLeftskip=\skip55
\CenteringRightskip=\skip56
\RaggedLeftRightskip=\skip57
\RaggedRightRightskip=\skip58
\CenteringParfillskip=\skip59
\RaggedLeftParfillskip=\skip60
\RaggedRightParfillskip=\skip61
\JustifyingParfillskip=\skip62
\CenteringParindent=\skip63
\RaggedLeftParindent=\skip64
\RaggedRightParindent=\skip65
\JustifyingParindent=\skip66
)
Package caption Info: subref 1.2 or 1.3 detected on input line 49.
LaTeX Info: Redefining \subref on input line 49.
 [1]
Overfull \hbox (8.89296pt too wide) detected at line 204
\OT1/cmr/m/n/10 2\OML/cmm/m/it/10 ^^O[] \OT1/cmr/m/n/10 + [] + []  + [] = \OMS/
cmsy/m/n/10 E[]
 []


Underfull \hbox (badness 2460) in paragraph at lines 211--218
\OT1/cmr/m/n/10 Cooper, Schri-ef-fer within the grand canon-i-cal en-
 []


Underfull \hbox (badness 1342) in paragraph at lines 211--218
\OT1/cmr/m/n/10 sem-ble, namely $\OML/cmm/m/it/10 ^^Z[]\OT1/cmr/m/n/10 ^^A[]\OM
L/cmm/m/it/10 =\OT1/cmr/m/n/10 2$ since the gap $^^A$ reads as
 []

[2]
File: lambda1.eps Graphic file (type eps)
 <lambda1.eps>
File: direct1.eps Graphic file (type eps)
 <direct1.eps>
File: chi1.eps Graphic file (type eps)
 <chi1.eps> [3]

LaTeX Warning: A float is stuck (cannot be placed); try class option [floatfix]
 on input line 448.

[4]
Overfull \hbox (6.97139pt too wide) detected at line 618
\OML/cmm/m/it/10 V[]^^L[] [] \OT1/cmr/m/n/10 = [] [] = [] \OML/cmm/m/it/10 ^^_ 
[] ^^L[]^^L[] []
 []

File: twoPair.eps Graphic file (type eps)
<twoPair.eps>
Overfull \hbox (2.71379pt too wide) detected at line 639
[] \OT1/cmr/m/n/10 = \OMS/cmsy/m/n/10 ^^@\OML/cmm/m/it/10 V [] ^^L[] []
 []


Underfull \hbox (badness 10000) in paragraph at lines 661--667
[] \OML/cmm/m/it/10 = []$ \OT1/cmr/m/n/10 pro-vided
 []


Underfull \hbox (badness 1424) in paragraph at lines 661--667
\OT1/cmr/m/n/10 This al-lows us to write the last term of [] as
 []

[5]
Overfull \hbox (1.0298pt too wide) in paragraph at lines 699--699
[] 
 []


Overfull \hbox (4.55168pt too wide) in paragraph at lines 726--726
[] 
 []


Overfull \hbox (3.34654pt too wide) in paragraph at lines 746--746
[] 
 []

File: threePair.eps Graphic file (type eps)
<threePair.eps>
Underfull \hbox (badness 7256) in paragraph at lines 774--781
[][]\OT1/cmr/m/n/10 If we now come back to Eq.[], sub-stract
 []


Overfull \hbox (7.08113pt too wide) detected at line 795
 []$[] []$ 
 []


Underfull \hbox (badness 10000) in paragraph at lines 795--802
\OT1/cmr/m/n/10 as $[] \OML/cmm/m/it/10 = []$ \OT1/cmr/m/n/10 pro-
 []


Underfull \hbox (badness 1231) in paragraph at lines 812--816
[][]\OT1/cmr/m/n/10 This leads us to again con-clude that the three-
 []

[6]
Overfull \hbox (17.91489pt too wide) detected at line 942
 []$[]   [] []$ []  
 []

[7]
Overfull \hbox (18.44092pt too wide) detected at line 967
 []$[] []$ []  
 []


Underfull \hbox (badness 4859) in paragraph at lines 1005--1012
[][]\OT1/cmr/m/n/10 Let us note that the pos-si-ble re-place-ment of
 []

[8]
Underfull \hbox (badness 1087) in paragraph at lines 1129--1134
 [][]\OT1/cmr/m/n/9 M. Combescot, O. Betbeder-Matibet, and F. Du-bin,
 []

[9] (./cobRichardGJZ21.aux) ) 
Here is how much of TeX's memory you used:
 3396 strings out of 94102
 44264 string characters out of 1165832
 124981 words of memory out of 1500000
 6666 multiletter control sequences out of 10000+50000
 10558 words of font info for 37 fonts, out of 1200000 for 2000
 637 hyphenation exceptions out of 8191
 43i,22n,42p,474b,359s stack positions out of 5000i,500n,6000p,200000b,5000s

Output written on cobRichardGJZ21.dvi (9 pages, 81620 bytes).
