This is pdfeTeXk, Version 3.141592-1.21a-2.2 (Web2C 7.5.4) (format=latex 2009.11.12)  1 APR 2010 10:27
entering extended mode
 Source specials enabled.
**DailyNote.tex
(./DailyNote.tex
LaTeX2e <2003/12/01>
Babel <v3.8d> and hyphenation patterns for american, french, german, ngerman, b
ahasa, basque, bulgarian, catalan, croatian, czech, danish, dutch, esperanto, e
stonian, finnish, greek, icelandic, irish, italian, latin, magyar, norsk, polis
h, portuges, romanian, russian, serbian, slovak, slovene, spanish, swedish, tur
kish, ukrainian, nohyphenation, loaded.
(/usr/share/texmf/tex/latex/base/article.cls
Document Class: article 2004/02/16 v1.4f Standard LaTeX document class
(/usr/share/texmf/tex/latex/base/size10.clo
File: size10.clo 2004/02/16 v1.4f Standard LaTeX file (size option)
)
\c@part=\count79
\c@section=\count80
\c@subsection=\count81
\c@subsubsection=\count82
\c@paragraph=\count83
\c@subparagraph=\count84
\c@figure=\count85
\c@table=\count86
\abovecaptionskip=\skip41
\belowcaptionskip=\skip42
\bibindent=\dimen102
)
(/usr/share/texmf/tex/latex/preprint/fullpage.sty
Package: fullpage 1999/02/23 1.1 (PWD)
\FP@margin=\skip43
)
(/usr/share/texmf/tex/latex/amsfonts/amsfonts.sty
Package: amsfonts 2001/10/25 v2.2f
\@emptytoks=\toks14
\symAMSa=\mathgroup4
\symAMSb=\mathgroup5
LaTeX Font Info:    Overwriting math alphabet `\mathfrak' in version `bold'
(Font)                  U/euf/m/n --> U/euf/b/n on input line 132.
)
(/usr/share/texmf/tex/latex/amsfonts/amssymb.sty
Package: amssymb 2002/01/22 v2.2d
)
(/usr/share/texmf/tex/latex/amsmath/amsmath.sty
Package: amsmath 2000/07/18 v2.13 AMS math features
\@mathmargin=\skip44

For additional information on amsmath, use the `?' option.
(/usr/share/texmf/tex/latex/amsmath/amstext.sty
Package: amstext 2000/06/29 v2.01

(/usr/share/texmf/tex/latex/amsmath/amsgen.sty
File: amsgen.sty 1999/11/30 v2.0
\@emptytoks=\toks15
\ex@=\dimen103
))
(/usr/share/texmf/tex/latex/amsmath/amsbsy.sty
Package: amsbsy 1999/11/29 v1.2d
\pmbraise@=\dimen104
)
(/usr/share/texmf/tex/latex/amsmath/amsopn.sty
Package: amsopn 1999/12/14 v2.01 operator names
)
\inf@bad=\count87
LaTeX Info: Redefining \frac on input line 211.
\uproot@=\count88
\leftroot@=\count89
LaTeX Info: Redefining \overline on input line 307.
\classnum@=\count90
\DOTSCASE@=\count91
LaTeX Info: Redefining \ldots on input line 379.
LaTeX Info: Redefining \dots on input line 382.
LaTeX Info: Redefining \cdots on input line 467.
\Mathstrutbox@=\box26
\strutbox@=\box27
\big@size=\dimen105
LaTeX Font Info:    Redeclaring font encoding OML on input line 567.
LaTeX Font Info:    Redeclaring font encoding OMS on input line 568.
\macc@depth=\count92
\c@MaxMatrixCols=\count93
\dotsspace@=\muskip10
\c@parentequation=\count94
\dspbrk@lvl=\count95
\tag@help=\toks16
\row@=\count96
\column@=\count97
\maxfields@=\count98
\andhelp@=\toks17
\eqnshift@=\dimen106
\alignsep@=\dimen107
\tagshift@=\dimen108
\tagwidth@=\dimen109
\totwidth@=\dimen110
\lineht@=\dimen111
\@envbody=\toks18
\multlinegap=\skip45
\multlinetaggap=\skip46
\mathdisplay@stack=\toks19
LaTeX Info: Redefining \[ on input line 2666.
LaTeX Info: Redefining \] on input line 2667.
)
(/usr/share/texmf/tex/latex/hyperref/hyperref.sty
Package: hyperref 2003/11/30 v6.74m Hypertext links for LaTeX

(/usr/share/texmf/tex/latex/graphics/keyval.sty
Package: keyval 1999/03/16 v1.13 key=value parser (DPC)
\KV@toks@=\toks20
)
\@linkdim=\dimen112
\Hy@linkcounter=\count99
\Hy@pagecounter=\count100

(/usr/share/texmf/tex/latex/hyperref/pd1enc.def
File: pd1enc.def 2003/11/30 v6.74m Hyperref: PDFDocEncoding definition (HO)
)
(/usr/share/texmf/tex/latex/hyperref/hyperref.cfg
File: hyperref.cfg 2002/06/06 v1.2 hyperref configuration of TeXLive and teTeX
)
Package hyperref Info: Hyper figures OFF on input line 1880.
Package hyperref Info: Link nesting OFF on input line 1885.
Package hyperref Info: Hyper index ON on input line 1888.
Package hyperref Info: Plain pages ON on input line 1893.
Package hyperref Info: Backreferencing OFF on input line 1900.

Implicit mode ON; LaTeX internals redefined
Package hyperref Info: Bookmarks ON on input line 2004.
(/usr/share/texmf/tex/latex/url/url.sty
\Urlmuskip=\muskip11
Package: url 2004/03/15  ver 3.1  Verb mode for urls, etc.
)
LaTeX Info: Redefining \url on input line 2143.
\Fld@menulength=\count101
\Field@Width=\dimen113
\Fld@charsize=\dimen114
\Choice@toks=\toks21
\Field@toks=\toks22
Package hyperref Info: Hyper figures OFF on input line 2618.
Package hyperref Info: Link nesting OFF on input line 2623.
Package hyperref Info: Hyper index ON on input line 2626.
Package hyperref Info: backreferencing OFF on input line 2633.
Package hyperref Info: Link coloring OFF on input line 2638.
\c@Item=\count102
\c@Hfootnote=\count103
)
*hyperref using default driver hdvips*
(/usr/share/texmf/tex/latex/hyperref/hdvips.def
File: hdvips.def 2003/11/30 v6.74m Hyperref driver for dvips

(/usr/share/texmf/tex/latex/hyperref/pdfmark.def
File: pdfmark.def 2003/11/30 v6.74m Hyperref definitions for pdfmark specials
\pdf@docset=\toks23
\pdf@box=\box28
\pdf@toks=\toks24
\pdf@defaulttoks=\toks25
\Fld@listcount=\count104
\@outlinefile=\write3
))
(/usr/share/texmf/tex/latex/graphics/graphicx.sty
Package: graphicx 1999/02/16 v1.0f Enhanced LaTeX Graphics (DPC,SPQR)

(/usr/share/texmf/tex/latex/graphics/graphics.sty
Package: graphics 2001/07/07 v1.0n Standard LaTeX Graphics (DPC,SPQR)

(/usr/share/texmf/tex/latex/graphics/trig.sty
Package: trig 1999/03/16 v1.09 sin cos tan (DPC)
)
(/usr/share/texmf/tex/latex/graphics/graphics.cfg
File: graphics.cfg 2005/02/03 v1.3 graphics configuration of teTeX/TeXLive
)
Package graphics Info: Driver file: dvips.def on input line 80.

(/usr/share/texmf/tex/latex/graphics/dvips.def
File: dvips.def 1999/02/16 v3.0i Driver-dependant file (DPC,SPQR)
))
\Gin@req@height=\dimen115
\Gin@req@width=\dimen116
)
(/usr/share/texmf/tex/latex/oberdiek/epstopdf.sty
Package: epstopdf 2001/02/04 v1.1 Conversion with epstopdf on the fly (HO)


Package epstopdf Warning: Graphics driver file `pdftex.def' not loaded.

) (/usr/share/texmf/tex/latex/subfig/subfig.sty
Package: subfig 2004/01/28 ver: 1.2 subfig package

(/usr/share/texmf/tex/latex/caption/caption.sty
Package: caption 2006/01/12 v3.0i Customising captions (AR)

(/usr/share/texmf/tex/latex/caption/caption3.sty
Package: caption3 2006/01/12 v3.0i caption3 kernel (AR)
\captionmargin=\dimen117
\captionmarginx=\dimen118
\captionwidth=\dimen119
\captionindent=\dimen120
\captionparindent=\dimen121
\captionhangindent=\dimen122
)
Package caption Info: hyperref package v6.74m (or newer) detected on input line
 292.
)
\c@KVtest=\count105
\sf@farskip=\skip47
\sf@captopadj=\dimen123
\sf@capskip=\skip48
\sf@nearskip=\skip49
\c@subfigure=\count106
\c@subfigure@save=\count107
\c@lofdepth=\count108
\c@subtable=\count109
\c@subtable@save=\count110
\c@lotdepth=\count111
\sf@top=\skip50
\sf@bottom=\skip51
) (./newCommand.tex)
(./DailyNote.aux

LaTeX Warning: Label `eq:ansatz' multiply defined.

)
\openout1 = `DailyNote.aux'.

LaTeX Font Info:    Checking defaults for OML/cmm/m/it on input line 16.
LaTeX Font Info:    ... okay on input line 16.
LaTeX Font Info:    Checking defaults for T1/cmr/m/n on input line 16.
LaTeX Font Info:    ... okay on input line 16.
LaTeX Font Info:    Checking defaults for OT1/cmr/m/n on input line 16.
LaTeX Font Info:    ... okay on input line 16.
LaTeX Font Info:    Checking defaults for OMS/cmsy/m/n on input line 16.
LaTeX Font Info:    ... okay on input line 16.
LaTeX Font Info:    Checking defaults for OMX/cmex/m/n on input line 16.
LaTeX Font Info:    ... okay on input line 16.
LaTeX Font Info:    Checking defaults for U/cmr/m/n on input line 16.
LaTeX Font Info:    ... okay on input line 16.
LaTeX Font Info:    Checking defaults for PD1/pdf/m/n on input line 16.
LaTeX Font Info:    ... okay on input line 16.
Package hyperref Info: Link coloring OFF on input line 16.
 (/usr/share/texmf/tex/latex/hyperref/nameref.sty
Package: nameref 2003/12/03 v2.21 Cross-referencing by name of section
\c@section@level=\count112
)
LaTeX Info: Redefining \ref on input line 16.
LaTeX Info: Redefining \pageref on input line 16.
 (./DailyNote.out)
(./DailyNote.out)
\openout3 = `DailyNote.out'.

 (/usr/share/texmf/tex/latex/ms/ragged2e.sty
Package: ragged2e 2003/03/25 v2.04 ragged2e Package (MS)

(/usr/share/texmf/tex/latex/ms/everysel.sty
Package: everysel 1999/06/08 v1.03 EverySelectfont Package (MS)
LaTeX Info: Redefining \selectfont on input line 125.
)
\CenteringLeftskip=\skip52
\RaggedLeftLeftskip=\skip53
\RaggedRightLeftskip=\skip54
\CenteringRightskip=\skip55
\RaggedLeftRightskip=\skip56
\RaggedRightRightskip=\skip57
\CenteringParfillskip=\skip58
\RaggedLeftParfillskip=\skip59
\RaggedRightParfillskip=\skip60
\JustifyingParfillskip=\skip61
\CenteringParindent=\skip62
\RaggedLeftParindent=\skip63
\RaggedRightParindent=\skip64
\JustifyingParindent=\skip65
) (./note20090909.tex
LaTeX Font Info:    Try loading font information for U+msa on input line 3.

(/usr/share/texmf/tex/latex/amsfonts/umsa.fd
File: umsa.fd 2002/01/19 v2.2g AMS font definitions
)
LaTeX Font Info:    Try loading font information for U+msb on input line 3.

(/usr/share/texmf/tex/latex/amsfonts/umsb.fd
File: umsb.fd 2002/01/19 v2.2g AMS font definitions
)) (./note20090910.tex [1

]
Overfull \hbox (63.34195pt too wide) in paragraph at lines 23--24
[]\OT1/cmr/m/n/10 Tony has some doubts on Abrikosov's treat-ment over BCS ([[]]
).
 []

) (./note20090913.tex) (./note20090915.tex [2]
Overfull \hbox (17.88353pt too wide) in paragraph at lines 25--27
[]\OT1/cmr/m/n/10 Equation [] is sim-i-lar as the equa-tions in AGD [[]],
 []

) (./note20090916.tex) (./note20090917.tex [3]
LaTeX Font Info:    Try loading font information for OMS+cmr on input line 18.

(/usr/share/texmf/tex/latex/base/omscmr.fd
File: omscmr.fd 1999/05/25 v2.5h Standard LaTeX font definitions
)
LaTeX Font Info:    Font shape `OMS/cmr/m/n' in size <10> not available
(Font)              Font shape `OMS/cmsy/m/n' tried instead on input line 18.
) (./note20090918.tex
Overfull \hbox (0.84851pt too wide) in paragraph at lines 3--5
\OT1/cmr/m/n/10 the same $\OML/cmm/m/it/10 r$ \OT1/cmr/m/n/10 for four op-er-a-
tors in the in-ter-ac-tion terms, such as $[] [][] [] \OML/cmm/m/it/10 d\OT1/cm
r/bx/n/10 r[]\OML/cmm/m/it/10 d\OT1/cmr/bx/n/10 r\OML/cmm/m/it/10  [] []  [] []
 ^^U[] [] []  [] []$\OT1/cmr/m/n/10 ,
 []

[4]) (./note20090919.tex) (./note20090922.tex [5]) (./note20090923.tex)
(./note20090929.tex [6]
Missing character: There is no â in font cmr10!
Missing character: There is no € in font cmr10!
Missing character: There is no Œ in font cmr10!
) (./note20090930.tex
Overfull \hbox (1.07828pt too wide) in paragraph at lines 2--2
[]\OT1/cmr/bx/n/12 Connetion be-tween Two-Body Wave Fuc-n-tion and Many-Body Wa
ve Func-
 []

(./renorm.tex [7] [8] [9])) (./note20091001.tex [10]) (./note20091002.tex)
(./note20091005.tex) (./note20091006.tex [11]) (./note20091008.tex)
(./note20091012.tex [12]) (./note20091013.tex) (./note20091014.tex
Overfull \hbox (30.63467pt too wide) in paragraph at lines 1--2
\OT1/cmr/m/n/10 there [[], []]
 []

File: image/openClose.eps Graphic file (type eps)
<image/openClose.eps>)
Overfull \hbox (154.11633pt too wide) in paragraph at lines 16--44
\OT1/cmr/m/n/10 also needed. So ei-ther way, how two-fermion co-bosons gas evol
ves are im-por-tant. Pertrov [[]]
 []

[13] (./note20091015.tex) (./note20091020.tex [14]) (./note20091022.tex)
(./note20091025.tex) (./note20091026.tex [15]) (./note20091029.tex
File: image/k+pVec.eps Graphic file (type eps)

<image/k+pVec.eps> [16]) (./note20100108.tex) (./note20091103.tex) [17]
(./note20091105.tex) (./note20091111.tex) (./note20091112.tex [18])
(./note20091115.tex) (./note20091117.tex [19]) (./note20091118.tex [20])
(./note20091119.tex) [21] (./note20091129.tex) (./note20091203.tex
File: image/arctan.eps Graphic file (type eps)

<image/arctan.eps> [22] [23]) (./note20091207.tex [24]) (./note20091208.tex)
(./note20091211.tex) (./VariationUVW.tex [25] [26]
Missing character: There is no â in font cmr10!
Missing character: There is no € in font cmr10!
Missing character: There is no Œ in font cmr10!
Missing character: There is no â in font cmr10!
Missing character: There is no € in font cmr10!
Missing character: There is no Œ in font cmr10!
 [27]) (./note20091217.tex)
(./note20091223.tex [28]) (./note20091229.tex) (./note20100108.tex [29])
(./twoBodyDensityMatrixRichardson.tex
File: image/tbdm2pair1.eps Graphic file (type eps)
 <image/tbdm2pair1.eps>
File: image/tbdm2pair2.eps Graphic file (type eps)

<image/tbdm2pair2.eps>
File: image/tbdm2pair1.eps Graphic file (type eps)
 <image/tbdm2pair1.eps>
File: image/tbdm2pair2.eps Graphic file (type eps)
 <image/tbdm2pair2.eps>
File: image/tbdm2pair1.eps Graphic file (type eps)

<image/tbdm2pair1.eps>
File: image/tbdm2pair2.eps Graphic file (type eps)
 <image/tbdm2pair2.eps>
File: image/tbdm2pair7.eps Graphic file (type eps)
 <image/tbdm2pair7.eps>
File: image/shivaSeparate.eps Graphic file (type eps)

<image/shivaSeparate.eps> [30]) (./note20100222.tex) (./note20100223.tex)
(./note20100224.tex) (./note20100330.tex
Overfull \hbox (296.23117pt too wide) in paragraph at lines 1--1
[]\OT1/cmr/bx/n/12 Renomalization of two-channel model (more)-study of Jack-son
's papger[[]] 
 []


Package hyperref Warning: Token not allowed in a PDFDocEncoded string,
(hyperref)                removing `\@ifnextchar' on input line 1.

[31]) (./DailyNote.bbl
Missing character: There is no â in font cmr10!
Missing character: There is no € in font cmr10!
Missing character: There is no ™ in font cmr10!

Underfull \hbox (badness 1158) in paragraph at lines 206--213
\OT1/cmr/m/n/10 Michel Crouzeix, 2009 11, ``The two-cooper pair prob-lem and th
e pauli ex-clu-sion prin-ci-ple,''
 []

) [32] [33] (./DailyNote.aux)

LaTeX Warning: There were multiply-defined labels.

 ) 
Here is how much of TeX's memory you used:
 4178 strings out of 94501
 56736 string characters out of 1176788
 134683 words of memory out of 1000000
 7124 multiletter control sequences out of 10000+50000
 11720 words of font info for 45 fonts, out of 500000 for 2000
 580 hyphenation exceptions out of 1000
 41i,21n,44p,1429b,349s stack positions out of 1500i,500n,5000p,200000b,5000s

Output written on DailyNote.dvi (33 pages, 247480 bytes).
