\BOOKMARK [1][-]{section.1}{note of 2009.09.09}{}
\BOOKMARK [2][-]{subsection.1.1}{Time dependence of anomalous Green function}{section.1}
\BOOKMARK [2][-]{subsection.1.2}{Thought about Skip two 4-operator terms in the Motion of Equation of equal-time-pair wave-function }{section.1}
\BOOKMARK [2][-]{subsection.1.3}{}{section.1}
\BOOKMARK [1][-]{section.2}{note of 2009.09.10}{}
\BOOKMARK [2][-]{subsection.2.1}{}{section.2}
\BOOKMARK [2][-]{subsection.2.2}{Pair-Wave-Function in Real Space}{section.2}
\BOOKMARK [2][-]{subsection.2.3}{What is the Difference between the Many-body Motion of Equation and the Two-Body Schr\366dinger Equation}{section.2}
\BOOKMARK [2][-]{subsection.2.4}{Meet Tony}{section.2}
\BOOKMARK [1][-]{section.3}{note of 2009.09.13}{}
\BOOKMARK [2][-]{subsection.3.1}{AGD in Real Space}{section.3}
\BOOKMARK [1][-]{section.4}{note of 2009.09.15}{}
\BOOKMARK [2][-]{subsection.4.1}{Several Equations in Shizhong's Thesis}{section.4}
\BOOKMARK [1][-]{section.5}{note of 2009.09.16}{}
\BOOKMARK [2][-]{subsection.5.1}{More Discussion on the Equal-Time Abnormal Green Function}{section.5}
\BOOKMARK [1][-]{section.6}{note of 2009.09.17}{}
\BOOKMARK [2][-]{subsection.6.1}{Thermodynamics of BCS Wave Function}{section.6}
\BOOKMARK [2][-]{subsection.6.2}{Baym's Comment on 3-Species Problem}{section.6}
\BOOKMARK [2][-]{subsection.6.3}{Decoupling Four-Operator Terms in Equal-Time Equation of Motion }{section.6}
\BOOKMARK [1][-]{section.7}{note of 2009.09.18}{}
\BOOKMARK [2][-]{subsection.7.1}{Continuing on the Decoupling of Four-Operator Term}{section.7}
\BOOKMARK [2][-]{subsection.7.2}{Tony's Comment}{section.7}
\BOOKMARK [1][-]{section.8}{note of 2009.09.19}{}
\BOOKMARK [2][-]{subsection.8.1}{Renormalization of Gap Equation with 2-Body Quantities}{section.8}
\BOOKMARK [2][-]{subsection.8.2}{Discussion with Shizhong}{section.8}
\BOOKMARK [1][-]{section.9}{note of 2009.09.22}{}
\BOOKMARK [2][-]{subsection.9.1}{Equation of Three Species}{section.9}
\BOOKMARK [1][-]{section.10}{note of 2009.09.23}{}
\BOOKMARK [2][-]{subsection.10.1}{}{section.10}
\BOOKMARK [2][-]{subsection.10.2}{}{section.10}
\BOOKMARK [1][-]{section.11}{note of 2009.09.29}{}
\BOOKMARK [2][-]{subsection.11.1}{}{section.11}
\BOOKMARK [2][-]{subsection.11.2}{}{section.11}
\BOOKMARK [1][-]{section.12}{note of 2009.09.30}{}
\BOOKMARK [2][-]{subsection.12.1}{Connetion between Two-Body Wave Fucntion and Many-Body Wave Function}{section.12}
\BOOKMARK [1][-]{section.13}{Bare Gap Equation}{}
\BOOKMARK [1][-]{section.14}{Renormalization with Two-Channel T-Matrix}{}
\BOOKMARK [1][-]{section.15}{note of 2009.10.01}{}
\BOOKMARK [2][-]{subsection.15.1}{}{section.15}
\BOOKMARK [2][-]{subsection.15.2}{Tony's comment}{section.15}
\BOOKMARK [1][-]{section.16}{note of 2009.10.02}{}
\BOOKMARK [1][-]{section.17}{note of 2009.10.05}{}
\BOOKMARK [1][-]{section.18}{note of 2009.10.06}{}
\BOOKMARK [2][-]{subsection.18.1}{Two-Body}{section.18}
\BOOKMARK [2][-]{subsection.18.2}{}{section.18}
\BOOKMARK [1][-]{section.19}{note of 2009.10.08}{}
\BOOKMARK [2][-]{subsection.19.1}{}{section.19}
\BOOKMARK [1][-]{section.20}{note of 2009.10.12}{}
\BOOKMARK [2][-]{subsection.20.1}{Tony's Comment}{section.20}
\BOOKMARK [1][-]{section.21}{note of 2009.10.13}{}
\BOOKMARK [1][-]{section.22}{note of 2009.10.14}{}
\BOOKMARK [2][-]{subsection.22.1}{Talk with Gordon}{section.22}
\BOOKMARK [2][-]{subsection.22.2}{}{section.22}
\BOOKMARK [1][-]{section.23}{note of 2009.10.15}{}
\BOOKMARK [2][-]{subsection.23.1}{Shizhong's Suggestion}{section.23}
\BOOKMARK [2][-]{subsection.23.2}{Tony's Comment}{section.23}
\BOOKMARK [1][-]{section.24}{note of 2009.10.20}{}
\BOOKMARK [2][-]{subsection.24.1}{Baym's Comment}{section.24}
\BOOKMARK [1][-]{section.25}{note of 2009.10.22}{}
\BOOKMARK [2][-]{subsection.25.1}{More from Baym}{section.25}
\BOOKMARK [1][-]{section.26}{note of 2009.10.25}{}
\BOOKMARK [1][-]{section.27}{note of 2009.10.26}{}
\BOOKMARK [1][-]{section.28}{note of 2009.10.29}{}
\BOOKMARK [2][-]{subsection.28.1}{Bound-state with filled Fermi-sea}{section.28}
\BOOKMARK [2][-]{subsection.28.2}{Tony's comment}{section.28}
\BOOKMARK [1][-]{section.29}{note of 2010.01.08}{}
\BOOKMARK [2][-]{subsection.29.1}{Tony's comment}{section.29}
\BOOKMARK [1][-]{section.30}{note of 2009.11.03}{}
\BOOKMARK [2][-]{subsection.30.1}{Comment from Shizhong}{section.30}
\BOOKMARK [1][-]{section.31}{note of 2009.11.05}{}
\BOOKMARK [2][-]{subsection.31.1}{relation between one-molecule to many-body}{section.31}
\BOOKMARK [2][-]{subsection.31.2}{comment from Monique Combescot}{section.31}
\BOOKMARK [1][-]{section.32}{note of 2009.11.11}{}
\BOOKMARK [2][-]{subsection.32.1}{M. Combescot's suggestion}{section.32}
\BOOKMARK [1][-]{section.33}{note of 2009.11.12}{}
\BOOKMARK [2][-]{subsection.33.1}{Molecule in Fermi Sea}{section.33}
\BOOKMARK [2][-]{subsection.33.2}{Tony's comment}{section.33}
\BOOKMARK [1][-]{section.34}{note of 2009.11.15}{}
\BOOKMARK [2][-]{subsection.34.1}{More on Semi-Cooper Problem}{section.34}
\BOOKMARK [1][-]{section.35}{note of 2009.11.17}{}
\BOOKMARK [2][-]{subsection.35.1}{Variation method with close-channel restricted}{section.35}
\BOOKMARK [1][-]{section.36}{note of 2009.11.18}{}
\BOOKMARK [2][-]{subsection.36.1}{Problem with Ansatz}{section.36}
\BOOKMARK [1][-]{section.37}{note of 2009.11.19}{}
\BOOKMARK [2][-]{subsection.37.1}{Cooper-like problem}{section.37}
\BOOKMARK [2][-]{subsection.37.2}{Tony's comment}{section.37}
\BOOKMARK [1][-]{section.38}{note of 2009.11.29}{}
\BOOKMARK [1][-]{section.39}{note of 2009.12.03}{}
\BOOKMARK [2][-]{subsection.39.1}{More on Semi-Cooper Problem}{section.39}
\BOOKMARK [2][-]{subsection.39.2}{Additional note from 2009.12.17}{section.39}
\BOOKMARK [1][-]{section.40}{note of 2009.12.07}{}
\BOOKMARK [2][-]{subsection.40.1}{Spherical harmonic and Fourier transformation}{section.40}
\BOOKMARK [2][-]{subsection.40.2}{Shizhong's comment}{section.40}
\BOOKMARK [1][-]{section.41}{note of 2009.12.08}{}
\BOOKMARK [2][-]{subsection.41.1}{}{section.41}
\BOOKMARK [2][-]{subsection.41.2}{Tony's Comment}{section.41}
\BOOKMARK [1][-]{section.42}{note of 2009.12.11}{}
\BOOKMARK [2][-]{subsection.42.1}{}{section.42}
\BOOKMARK [1][-]{section.43}{note of 2009.12.16}{}
\BOOKMARK [2][-]{subsection.43.1}{Variation method with the u,v,w}{section.43}
\BOOKMARK [2][-]{subsection.43.2}{more thoughts}{section.43}
\BOOKMARK [2][-]{subsection.43.3}{T-matrix}{section.43}
\BOOKMARK [1][-]{section.44}{note of 2009.12.17}{}
\BOOKMARK [2][-]{subsection.44.1}{Tony's Comment}{section.44}
\BOOKMARK [1][-]{section.45}{note of 2009.12.23}{}
\BOOKMARK [2][-]{subsection.45.1}{More on Renormalization}{section.45}
\BOOKMARK [2][-]{subsection.45.2}{Tony's comment}{section.45}
\BOOKMARK [3][-]{subsubsection.45.2.1}{Richardson equation paper}{subsection.45.2}
\BOOKMARK [1][-]{section.46}{note of 2009.12.29}{}
\BOOKMARK [2][-]{subsection.46.1}{Shizhong's comment}{section.46}
\BOOKMARK [1][-]{section.47}{note of 2010.01.08}{}
\BOOKMARK [2][-]{subsection.47.1}{Tony's comment}{section.47}
\BOOKMARK [1][-]{section.48}{note of 2010.01.15}{}
\BOOKMARK [2][-]{subsection.48.1}{Two-Body Density Matrix in Richardson Solution}{section.48}
\BOOKMARK [3][-]{subsubsection.48.1.1}{Two pairs}{subsection.48.1}
\BOOKMARK [3][-]{subsubsection.48.1.2}{Three pairs}{subsection.48.1}
\BOOKMARK [1][-]{section.49}{note of 2010.02.22}{}
\BOOKMARK [2][-]{subsection.49.1}{}{section.49}
\BOOKMARK [2][-]{subsection.49.2}{}{section.49}
\BOOKMARK [1][-]{section.50}{note of 2010.02.23}{}
\BOOKMARK [2][-]{subsection.50.1}{}{section.50}
\BOOKMARK [1][-]{section.51}{note of 2010.02.24}{}
\BOOKMARK [2][-]{subsection.51.1}{}{section.51}
\BOOKMARK [1][-]{section.52}{note of 2010.03.30}{}
\BOOKMARK [2][-]{subsection.52.1}{Renomalization of two-channel model \(more\)-study of Jackson's papgerJacksonNarrow}{section.52}
\BOOKMARK [1][-]{section.53}{note of 2010.04.22}{}
\BOOKMARK [2][-]{subsection.53.1}{Tony's comment}{section.53}
