This is pdfTeX, Version 3.1415926-1.40.9 (MiKTeX 2.7) (preloaded format=latex 2009.11.11)  17 DEC 2009 16:19
entering extended mode
**note20091217.tex
(note20091217.tex
LaTeX2e <2009/09/24>
Babel <v3.8l> and hyphenation patterns for english, dumylang, nohyphenation, ge
rman, ngerman, german-x-2009-06-19, ngerman-x-2009-06-19, french, loaded.
! Undefined control sequence.
l.1 \subsection
               {Tony's Comment}
? 
! Emergency stop.
l.1 \subsection
               {Tony's Comment}
End of file on the terminal!

 
Here is how much of TeX's memory you used:
 6 strings out of 95305
 111 string characters out of 1182868
 45037 words of memory out of 1500000
 3306 multiletter control sequences out of 110000
 3640 words of font info for 14 fonts, out of 3000000 for 5000
 14 hyphenation exceptions out of 8191
 5i,0n,1p,47b,8s stack positions out of 5000i,500n,10000p,200000b,50000s
No pages of output.
